<?xml version="1.0" encoding="UTF-8"?>
<testsuites>
  <testsuite name="Base2 SoapUi.Vendas" time="43.469" tests="14" failures="1" errors="0" package="Base2 SoapUi" id="1">
    <properties>
[...]
</properties>
    <testcase name="Listar Todas as Vendas" time="0.676">
      <failure type="The test run was cancelled due to a failed test step." message="The test run was cancelled due to a failed test step."><![CDATA[<h3><b>Listar Vendas Failed</b></h3><pre>[Script Assertion] assert false

Status: FAIL
Time Taken: 179
Size: 528
Timestamp: Fri Jan 24 14:10:10 BRST 2020
TestStep: Listar Vendas

----------------- Messages ------------------------------
[Script Assertion] assert false


----------------- Properties ------------------------------
HTTP Version: HTTP/1.1
Endpoint: https://base2-soapui-dev.firebaseio.com
Method: GET
StatusCode: 200
URL: https://base2-soapui-dev.firebaseio.com/vendas.json?auth=eyJhbGciOiJSUzI1NiIsImtpZCI6ImU1YTkxZDlmMzlmYTRkZTI1NGExZTg5ZGYwMGYwNWI3ZTI0OGI5ODUiLCJ0eXAiOiJKV1QifQ.eyJpc3MiOiJodHRwczovL3NlY3VyZXRva2VuLmdvb2dsZS5jb20vYmFzZTItc29hcHVpLWRldiIsImF1ZCI6ImJhc2UyLXNvYXB1aS1kZXYiLCJhdXRoX3RpbWUiOjE1Nzk4ODIyMTYsInVzZXJfaWQiOiJKSlllblZCSDZETm01THVGVEdCb2RhMlY2RWQyIiwic3ViIjoiSkpZZW5WQkg2RE5tNUx1RlRHQm9kYTJWNkVkMiIsImlhdCI6MTU3OTg4MjIxNiwiZXhwIjoxNTc5ODg1ODE2LCJlbWFpbCI6InZlbmRlZG9yQHRlc3RlLmNvbSIsImVtYWlsX3ZlcmlmaWVkIjpmYWxzZSwiZmlyZWJhc2UiOnsiaWRlbnRpdGllcyI6eyJlbWFpbCI6WyJ2ZW5kZWRvckB0ZXN0ZS5jb20iXX0sInNpZ25faW5fcHJvdmlkZXIiOiJwYXNzd29yZCJ9fQ.Pypx-9xGftBvt8no-zBEOyaJaNUW3vT2GKVLVkiEd5A7emdIX2ljvOD7gLj7lCDVJSQRiO7kvnqT4A2qhKQLFfBV6e_TlAmy3PmW1f-BgqiFc9n-wDr2U5AMUyJQ6AkWCUg2DSNWp4RQfKjp25Vx9MYS42jAxKAn2ZG-8h5GnioTlT-HSpSDQ0p3L6zScDDZ19_qybB2FxSr70vZcVWqCNoCGmOdjfHIuxNEth57fXx_Ez7XR3uXFC_8efm-9-00693kliCu1G5kA2ZXB_khe2XcDtVuPy4j5LU2uKSxXmkiSf7U5zjaHG7m3LIGKWl6sYIRaK8XCCWxyKXPyeVAQQ

---------------- Request ---------------------------
Connection: [Keep-Alive]
User-Agent: [Apache-HttpClient/4.5.2 (Java/1.8.0_181)]
Host: [base2-soapui-dev.firebaseio.com]
Accept-Encoding: [gzip,deflate]
Content-Length: [0]

GET https://base2-soapui-dev.firebaseio.com/vendas.json?auth=eyJhbGciOiJSUzI1NiIsImtpZCI6ImU1YTkxZDlmMzlmYTRkZTI1NGExZTg5ZGYwMGYwNWI3ZTI0OGI5ODUiLCJ0eXAiOiJKV1QifQ.eyJpc3MiOiJodHRwczovL3NlY3VyZXRva2VuLmdvb2dsZS5jb20vYmFzZTItc29hcHVpLWRldiIsImF1ZCI6ImJhc2UyLXNvYXB1aS1kZXYiLCJhdXRoX3RpbWUiOjE1Nzk4ODIyMTYsInVzZXJfaWQiOiJKSlllblZCSDZETm01THVGVEdCb2RhMlY2RWQyIiwic3ViIjoiSkpZZW5WQkg2RE5tNUx1RlRHQm9kYTJWNkVkMiIsImlhdCI6MTU3OTg4MjIxNiwiZXhwIjoxNTc5ODg1ODE2LCJlbWFpbCI6InZlbmRlZG9yQHRlc3RlLmNvbSIsImVtYWlsX3ZlcmlmaWVkIjpmYWxzZSwiZmlyZWJhc2UiOnsiaWRlbnRpdGllcyI6eyJlbWFpbCI6WyJ2ZW5kZWRvckB0ZXN0ZS5jb20iXX0sInNpZ25faW5fcHJvdmlkZXIiOiJwYXNzd29yZCJ9fQ.Pypx-9xGftBvt8no-zBEOyaJaNUW3vT2GKVLVkiEd5A7emdIX2ljvOD7gLj7lCDVJSQRiO7kvnqT4A2qhKQLFfBV6e_TlAmy3PmW1f-BgqiFc9n-wDr2U5AMUyJQ6AkWCUg2DSNWp4RQfKjp25Vx9MYS42jAxKAn2ZG-8h5GnioTlT-HSpSDQ0p3L6zScDDZ19_qybB2FxSr70vZcVWqCNoCGmOdjfHIuxNEth57fXx_Ez7XR3uXFC_8efm-9-00693kliCu1G5kA2ZXB_khe2XcDtVuPy4j5LU2uKSxXmkiSf7U5zjaHG7m3LIGKWl6sYIRaK8XCCWxyKXPyeVAQQ HTTP/1.1
Accept-Encoding: gzip,deflate
Content-Length: 0
Host: base2-soapui-dev.firebaseio.com
Connection: Keep-Alive
User-Agent: Apache-HttpClient/4.5.2 (Java/1.8.0_181)


---------------- Response --------------------------
Strict-Transport-Security: [max-age=31556926; includeSubDomains; preload]
Server: [nginx]
Cache-Control: [no-cache]
Access-Control-Allow-Origin: [*]
Connection: [keep-alive]
#status#: [HTTP/1.1 200 OK]
Content-Length: [528]
Date: [Fri, 24 Jan 2020 16:10:16 GMT]
Content-Type: [application/json; charset=utf-8]

{&quot;venda01&quot;:{&quot;cliente&quot;:&quot;cliente01&quot;,&quot;desconto&quot;:0,&quot;produtos&quot;:{&quot;produto01&quot;:true,&quot;produto02&quot;:true},&quot;total&quot;:56.89},&quot;venda02&quot;:{&quot;cliente&quot;:&quot;cliente02&quot;,&quot;desconto&quot;:10,&quot;produtos&quot;:{&quot;produto07&quot;:true},&quot;total&quot;:899.91},&quot;venda03&quot;:{&quot;cliente&quot;:&quot;cliente04&quot;,&quot;desconto&quot;:0,&quot;produtos&quot;:{&quot;produto09&quot;:true,&quot;produto10&quot;:true},&quot;total&quot;:39.94},&quot;venda04&quot;:{&quot;cliente&quot;:&quot;cliente07&quot;,&quot;desconto&quot;:5,&quot;produtos&quot;:{&quot;produto06&quot;:true},&quot;total&quot;:75.52},&quot;venda05&quot;:{&quot;cliente&quot;:&quot;cliente10&quot;,&quot;desconto&quot;:15,&quot;produtos&quot;:{&quot;produto03&quot;:true,&quot;produto04&quot;:true,&quot;produto05&quot;:true},&quot;total&quot;:153.48}}
</pre><hr/>]]></failure>
    </testcase>
    <testcase name="Filtrar Vendas - orderBy" time="0.475"/>
    <testcase name="Filtrar Vendas - startAt e endAt" time="1.438"/>
    <testcase name="Filtrar Vendas - equalTo" time="1.721"/>
    <testcase name="Filtrar Vendas - limitToFirst" time="0.525"/>
    <testcase name="Filtrar Vendas - limitToLast" time="0.523"/>
    <testcase name="Consultar Venda" time="0.418"/>
    <testcase name="Deletar Venda" time="0.777"/>
    <testcase name="Incluir Lista de Vendas - Acrescentar a Atual" time="0.632"/>
    <testcase name="Incluir Lista de Vendas - Substituir a Atual" time="0.66"/>
    <testcase name="Incluir Venda" time="3.211"/>
    <testcase name="Incluir Venda - Validação de Regras" time="4.79"/>
    <testcase name="Validações de acesso - Leitura" time="1.983"/>
    <testcase name="Validações de acesso - Gravação" time="2.075"/>
  </testsuite>
  <testsuite name="Base2 SoapUi.Fornecedores" time="47.011" tests="14" failures="0" errors="0" package="Base2 SoapUi" id="2">
    <properties>
[...]
</properties>
    <testcase name="Listar Todos Fornecedores" time="0.477"/>
    <testcase name="Filtrar Fornecedores - orderBy" time="0.439"/>
    <testcase name="Filtrar Fornecedores - startAt e endAt" time="3.966"/>
    <testcase name="Filtrar Fornecedores - equalTo" time="2.648"/>
    <testcase name="Filtrar Fornecedores - limitToFirst" time="0.453"/>
    <testcase name="Filtrar Fornecedores - limitToLast" time="0.52"/>
    <testcase name="Consultar Fornecedor" time="0.577"/>
    <testcase name="Deletar Fornecedor" time="0.593"/>
    <testcase name="Incluir Lista de Fornecedores - Acrescentar a Atual" time="0.821"/>
    <testcase name="Incluir Lista de Fornecedores - Substituir Atual" time="0.692"/>
    <testcase name="Incluir Fornecedor" time="0.789"/>
    <testcase name="Incluir Fornecedor - Validações Regras" time="11.748"/>
    <testcase name="Validações de acesso - Leitura" time="1.981"/>
    <testcase name="Validações de acesso - Gravação" time="2.167"/>
  </testsuite>
  <testsuite name="Base2 SoapUi.Clientes" time="35.992" tests="14" failures="0" errors="0" package="Base2 SoapUi" id="3">
    <properties>
[...]
</properties>
    <testcase name="Listar Todos Clientes" time="0.477"/>
    <testcase name="Filtrar Clientes - orderBy" time="0.476"/>
    <testcase name="Filtrar Clientes - startAt e endAt" time="2.399"/>
    <testcase name="Filtrar Clientes - equalTo" time="1.081"/>
    <testcase name="Filtrar Clientes - limitToFirst" time="0.528"/>
    <testcase name="Filtrar Clientes - limitToLast" time="0.447"/>
    <testcase name="Consultar Cliente" time="0.556"/>
    <testcase name="Deletar Cliente" time="0.632"/>
    <testcase name="Incluir Lista de Clientes - Acrescentar à Atual" time="0.564"/>
    <testcase name="Incluir Lista de Clientes - Substituir Atual" time="0.753"/>
    <testcase name="Incluir Cliente" time="0.662"/>
    <testcase name="Incluir Cliente - Validações Regras" time="2.778"/>
    <testcase name="Validações de acesso - Leitura" time="4.485"/>
    <testcase name="Validações de acesso - Gravação" time="2.107"/>
  </testsuite>
  <testsuite name="Base2 SoapUi.Produtos" time="43.606" tests="14" failures="0" errors="0" package="Base2 SoapUi" id="4">
    <properties>
[...]
</properties>
    <testcase name="Listar Todos Produtos" time="0.655"/>
    <testcase name="Filtrar Produtos - orderBy" time="0.54"/>
    <testcase name="Filtrar Produtos - startAt e endAt" time="3.381"/>
    <testcase name="Filtrar Produtos - equalTo" time="2.597"/>
    <testcase name="Filtrar Produtos - limitToFirst" time="0.672"/>
    <testcase name="Filtrar Produtos - limitToLast" time="0.646"/>
    <testcase name="Consultar Produto" time="0.474"/>
    <testcase name="Deletar Produto" time="0.676"/>
    <testcase name="Incluir Lista de Produtos - Acrescentar a Atual" time="1.617"/>
    <testcase name="Incluir Lista de Produtos - Substituir Atual" time="0.661"/>
    <testcase name="Incluir Produto" time="2.886"/>
    <testcase name="Incluir Produto - Validações Regras" time="5.829"/>
    <testcase name="Validações de acesso - Leitura" time="2.118"/>
    <testcase name="Validações de acesso - Gravação" time="2.079"/>
  </testsuite>
</testsuites>